\BOOKMARK [1][]{section.1}{\376\377\000I\000n\000t\000r\000o\000d\000u\000c\000t\000i\000o\000n}{}% 1
\BOOKMARK [1][]{section.2}{\376\377\000P\000a\000r\000t\000\040\000I\000:\000\040\000E\000x\000p\000e\000r\000i\000m\000e\000n\000t\000a\000l\000\040\000e\000n\000z\000y\000m\000o\000l\000o\000g\000y}{}% 2
\BOOKMARK [2][]{subsection.2.1}{\376\377\000K\000i\000n\000e\000t\000i\000c\000\040\000p\000a\000r\000a\000m\000e\000t\000e\000r\000s}{section.2}% 3
\BOOKMARK [2][]{subsection.2.2}{\376\377\000E\000n\000z\000y\000m\000e\000\040\000s\000o\000u\000r\000c\000e\000s}{section.2}% 4
\BOOKMARK [3][]{subsubsection.2.2.1}{\376\377\000E\000x\000\040\000v\000i\000v\000o\000\040\000t\000i\000s\000s\000u\000e}{subsection.2.2}% 5
\BOOKMARK [3][]{subsubsection.2.2.2}{\376\377\000R\000e\000c\000o\000m\000b\000i\000n\000a\000n\000t\000\040\000e\000n\000z\000y\000m\000e}{subsection.2.2}% 6
\BOOKMARK [2][]{subsection.2.3}{\376\377\000R\000e\000p\000o\000r\000t\000e\000d\000\040\000a\000n\000a\000l\000y\000t\000i\000c\000a\000l\000\040\000m\000e\000t\000h\000o\000d\000s}{section.2}% 7
\BOOKMARK [3][]{subsubsection.2.3.1}{\376\377\000S\000p\000e\000c\000t\000r\000o\000p\000h\000o\000t\000o\000m\000e\000t\000r\000y}{subsection.2.3}% 8
\BOOKMARK [3][]{subsubsection.2.3.2}{\376\377\000F\000l\000u\000o\000r\000e\000s\000c\000e\000n\000c\000e}{subsection.2.3}% 9
\BOOKMARK [3][]{subsubsection.2.3.3}{\376\377\000C\000h\000r\000o\000m\000a\000t\000o\000g\000r\000a\000p\000h\000y}{subsection.2.3}% 10
\BOOKMARK [2][]{subsection.2.4}{\376\377\000E\000x\000p\000e\000r\000i\000m\000e\000n\000t\000a\000l\000\040\000C\000E\000S\000\040\000k\000i\000n\000e\000t\000i\000c\000\040\000p\000a\000r\000a\000m\000e\000t\000e\000r\000\040\000d\000a\000t\000a\000b\000a\000s\000e\000s}{section.2}% 11
\BOOKMARK [3][]{subsubsection.2.4.1}{\376\377\000B\000R\000E\000N\000D\000A\000\040\000d\000a\000t\000a\000b\000a\000s\000e}{subsection.2.4}% 12
\BOOKMARK [3][]{subsubsection.2.4.2}{\376\377\000S\000A\000B\000I\000O\000-\000R\000K\000\040\000d\000a\000t\000a\000b\000a\000s\000e}{subsection.2.4}% 13
\BOOKMARK [1][]{section.3}{\376\377\000P\000a\000r\000t\000\040\000I\000I\000:\000\040\000C\000o\000m\000p\000u\000t\000a\000t\000i\000o\000n\000a\000l\000\040\000e\000n\000z\000y\000m\000o\000l\000o\000g\000y}{}% 14
\BOOKMARK [2][]{subsection.3.1}{\376\377\000E\000n\000z\000y\000m\000e\000\040\000s\000o\000u\000r\000c\000e\000s\000:\000\040\000s\000t\000r\000u\000c\000t\000u\000r\000e\000s}{section.3}% 15
\BOOKMARK [3][]{subsubsection.3.1.1}{\376\377\000C\000E\000S\0001\000\040\000c\000r\000y\000s\000t\000a\000l\000\040\000s\000t\000r\000u\000c\000t\000u\000r\000e\000s}{subsection.3.1}% 16
\BOOKMARK [3][]{subsubsection.3.1.2}{\376\377\000C\000E\000S\0002\000\040\000h\000o\000m\000o\000l\000o\000g\000y\000\040\000m\000o\000d\000e\000l\000i\000n\000g\000\040\000s\000t\000r\000u\000c\000t\000u\000r\000e\000s}{subsection.3.1}% 17
\BOOKMARK [2][]{subsection.3.2}{\376\377\000M\000o\000l\000e\000c\000u\000l\000a\000r\000\040\000m\000o\000d\000e\000l\000i\000n\000g\000\040\000m\000e\000t\000h\000o\000d\000s}{section.3}% 18
\BOOKMARK [3][]{subsubsection.3.2.1}{\376\377\000M\000o\000l\000e\000c\000u\000l\000a\000r\000\040\000m\000o\000d\000e\000l\000i\000n\000g\000\040\000m\000e\000t\000h\000o\000d\000s\000\040\000t\000o\000\040\000a\000n\000a\000l\000y\000z\000e\000d\000\040\000a\000f\000f\000i\000n\000i\000t\000y\000\040\000c\000o\000n\000s\000t\000a\000n\000t\000\040\000-\000\040\000K\000M}{subsection.3.2}% 19
\BOOKMARK [3][]{subsubsection.3.2.2}{\376\377\000H\000y\000b\000r\000i\000d\000\040\000Q\000M\000/\000M\000M\000\040\000s\000i\000m\000u\000l\000a\000t\000i\000o\000n\000\040\000t\000o\000\040\000a\000n\000a\000l\000y\000z\000e\000d\000\040\000c\000a\000t\000a\000l\000y\000t\000i\000c\000\040\000c\000o\000n\000s\000t\000a\000n\000t\000\040\000-\000\040\000k\000c\000a\000t}{subsection.3.2}% 20
\BOOKMARK [1][]{section.4}{\376\377\000P\000a\000r\000t\000\040\000I\000I\000I\000:\000\040\000C\000o\000m\000b\000i\000n\000a\000t\000i\000o\000n\000\040\000o\000f\000\040\000e\000x\000p\000e\000r\000i\000m\000e\000n\000t\000a\000l\000\040\000a\000n\000d\000\040\000c\000o\000m\000p\000u\000t\000a\000t\000i\000o\000n\000a\000l\000\040\000e\000n\000z\000y\000m\000o\000l\000o\000g\000y}{}% 21
\BOOKMARK [1][]{section.5}{\376\377\000C\000o\000n\000c\000l\000u\000s\000i\000o\000n\000s}{}% 22
\BOOKMARK [1][]{section.6}{\376\377\000D\000i\000s\000c\000u\000s\000s\000i\000o\000n}{}% 23
\BOOKMARK [1][]{section.7}{\376\377\000C\000o\000n\000c\000l\000u\000s\000i\000o\000n\000s}{}% 24
\BOOKMARK [1][]{section.8}{\376\377\000R\000e\000f\000e\000r\000e\000n\000c\000e\000s}{}% 25
